Logfile initialized
[INFO] logfile = /Users/allennguyen/Documents/Titanium Studio Workspace/SONARTi/build.log
[DEBUG] /Library/Application Support/Titanium/mobilesdk/osx/1.8.1/android/builder.py install SONARTi /Developer/android-sdk-mac_x86 /Users/allennguyen/Documents/Titanium Studio Workspace/SONARTi com.parivedasolutions.sonarti 3
[INFO] Titanium SDK version: 1.8.1 (01/27/12 17:31 a24502a)
[DEBUG] Waiting for device to be ready ...
[TRACE] adb devices returned 1 devices/emulators
[DEBUG] Device connected... (waited 0 seconds)
[DEBUG] waited 0.010732 seconds on emulator to get ready
[DEBUG] com.parivedasolutions.sonarti installed? True
[INFO] Copying project resources..
[TRACE] COPYING MODIFIED FILE: /Users/allennguyen/Documents/Titanium Studio Workspace/SONARTi/Resources/ui/main.js => /Users/allennguyen/Documents/Titanium Studio Workspace/SONARTi/build/android/bin/assets/Resources/ui/main.js
[TRACE] Generating Java Classes
[DEBUG] Processing Android resource drawables
[DEBUG] copying app icon: /Users/allennguyen/Documents/Titanium Studio Workspace/SONARTi/build/android/bin/assets/Resources/sonarti-icon.png
[DEBUG] generating theme.xml
[DEBUG] found drawable-long-land-hdpi splash screen at /Users/allennguyen/Documents/Titanium Studio Workspace/SONARTi/Resources/android/images/res-long-land-hdpi/default.png
[DEBUG] copying /Users/allennguyen/Documents/Titanium Studio Workspace/SONARTi/Resources/android/images/res-long-land-hdpi/default.png splash screen to /Users/allennguyen/Documents/Titanium Studio Workspace/SONARTi/build/android/res/drawable-long-land-hdpi/background.png
[DEBUG] found drawable-long-land-ldpi splash screen at /Users/allennguyen/Documents/Titanium Studio Workspace/SONARTi/Resources/android/images/res-long-land-ldpi/default.png
[DEBUG] copying /Users/allennguyen/Documents/Titanium Studio Workspace/SONARTi/Resources/android/images/res-long-land-ldpi/default.png splash screen to /Users/allennguyen/Documents/Titanium Studio Workspace/SONARTi/build/android/res/drawable-long-land-ldpi/background.png
[DEBUG] found drawable-long-port-hdpi splash screen at /Users/allennguyen/Documents/Titanium Studio Workspace/SONARTi/Resources/android/images/res-long-port-hdpi/default.png
[DEBUG] copying /Users/allennguyen/Documents/Titanium Studio Workspace/SONARTi/Resources/android/images/res-long-port-hdpi/default.png splash screen to /Users/allennguyen/Documents/Titanium Studio Workspace/SONARTi/build/android/res/drawable-long-port-hdpi/background.png
[DEBUG] found drawable-long-port-ldpi splash screen at /Users/allennguyen/Documents/Titanium Studio Workspace/SONARTi/Resources/android/images/res-long-port-ldpi/default.png
[DEBUG] copying /Users/allennguyen/Documents/Titanium Studio Workspace/SONARTi/Resources/android/images/res-long-port-ldpi/default.png splash screen to /Users/allennguyen/Documents/Titanium Studio Workspace/SONARTi/build/android/res/drawable-long-port-ldpi/background.png
[DEBUG] found drawable-notlong-land-hdpi splash screen at /Users/allennguyen/Documents/Titanium Studio Workspace/SONARTi/Resources/android/images/res-notlong-land-hdpi/default.png
[DEBUG] copying /Users/allennguyen/Documents/Titanium Studio Workspace/SONARTi/Resources/android/images/res-notlong-land-hdpi/default.png splash screen to /Users/allennguyen/Documents/Titanium Studio Workspace/SONARTi/build/android/res/drawable-notlong-land-hdpi/background.png
[DEBUG] found drawable-notlong-land-ldpi splash screen at /Users/allennguyen/Documents/Titanium Studio Workspace/SONARTi/Resources/android/images/res-notlong-land-ldpi/default.png
[DEBUG] copying /Users/allennguyen/Documents/Titanium Studio Workspace/SONARTi/Resources/android/images/res-notlong-land-ldpi/default.png splash screen to /Users/allennguyen/Documents/Titanium Studio Workspace/SONARTi/build/android/res/drawable-notlong-land-ldpi/background.png
[DEBUG] found drawable-notlong-land-mdpi splash screen at /Users/allennguyen/Documents/Titanium Studio Workspace/SONARTi/Resources/android/images/res-notlong-land-mdpi/default.png
[DEBUG] copying /Users/allennguyen/Documents/Titanium Studio Workspace/SONARTi/Resources/android/images/res-notlong-land-mdpi/default.png splash screen to /Users/allennguyen/Documents/Titanium Studio Workspace/SONARTi/build/android/res/drawable-notlong-land-mdpi/background.png
[DEBUG] found drawable-notlong-port-hdpi splash screen at /Users/allennguyen/Documents/Titanium Studio Workspace/SONARTi/Resources/android/images/res-notlong-port-hdpi/default.png
[DEBUG] copying /Users/allennguyen/Documents/Titanium Studio Workspace/SONARTi/Resources/android/images/res-notlong-port-hdpi/default.png splash screen to /Users/allennguyen/Documents/Titanium Studio Workspace/SONARTi/build/android/res/drawable-notlong-port-hdpi/background.png
[DEBUG] found drawable-notlong-port-ldpi splash screen at /Users/allennguyen/Documents/Titanium Studio Workspace/SONARTi/Resources/android/images/res-notlong-port-ldpi/default.png
[DEBUG] copying /Users/allennguyen/Documents/Titanium Studio Workspace/SONARTi/Resources/android/images/res-notlong-port-ldpi/default.png splash screen to /Users/allennguyen/Documents/Titanium Studio Workspace/SONARTi/build/android/res/drawable-notlong-port-ldpi/background.png
[DEBUG] found drawable-notlong-port-mdpi splash screen at /Users/allennguyen/Documents/Titanium Studio Workspace/SONARTi/Resources/android/images/res-notlong-port-mdpi/default.png
[DEBUG] copying /Users/allennguyen/Documents/Titanium Studio Workspace/SONARTi/Resources/android/images/res-notlong-port-mdpi/default.png splash screen to /Users/allennguyen/Documents/Titanium Studio Workspace/SONARTi/build/android/res/drawable-notlong-port-mdpi/background.png
[DEBUG] found splash screen at /Users/allennguyen/Documents/Titanium Studio Workspace/SONARTi/build/android/bin/assets/Resources/default.png
[TRACE] Writing out AndroidManifest.xml
[TRACE] adb devices returned 1 devices/emulators
[DEBUG] adding /Users/allennguyen/Documents/Titanium Studio Workspace/SONARTi/build/android/gen/com/parivedasolutions/sonarti/R.java to javac build list
[DEBUG] adding /Users/allennguyen/Documents/Titanium Studio Workspace/SONARTi/build/android/gen/com/parivedasolutions/sonarti/SonartiActivity.java to javac build list
[DEBUG] adding /Users/allennguyen/Documents/Titanium Studio Workspace/SONARTi/build/android/gen/com/parivedasolutions/sonarti/SonartiAppInfo.java to javac build list
[DEBUG] adding /Users/allennguyen/Documents/Titanium Studio Workspace/SONARTi/build/android/gen/com/parivedasolutions/sonarti/SonartiApplication.java to javac build list
[DEBUG] Building Java Sources: "/Users/allennguyen/Documents/Titanium Studio Workspace/SONARTi/build/android/gen/com/parivedasolutions/sonarti/R.java" "/Users/allennguyen/Documents/Titanium Studio Workspace/SONARTi/build/android/gen/com/parivedasolutions/sonarti/SonartiActivity.java" "/Users/allennguyen/Documents/Titanium Studio Workspace/SONARTi/build/android/gen/com/parivedasolutions/sonarti/SonartiAppInfo.java" "/Users/allennguyen/Documents/Titanium Studio Workspace/SONARTi/build/android/gen/com/parivedasolutions/sonarti/SonartiApplication.java"
[INFO] Compiling Android Resources... This could take some time
[TRACE] adb devices returned 1 devices/emulators
[TRACE] adb devices returned 1 devices/emulators
[DEBUG] Android classes.dex built
[TRACE] adb devices returned 1 devices/emulators
[DEBUG] creating unsigned apk: /Users/allennguyen/Documents/Titanium Studio Workspace/SONARTi/build/android/bin/app-unsigned.apk
[DEBUG] from resource zip => assets/Resources/images/buttonbar/button2_selected.png
[DEBUG] from resource zip => assets/Resources/images/buttonbar/button2_selected@2x.png
[DEBUG] from resource zip => assets/Resources/images/buttonbar/button2_unselected_shadow.png
[DEBUG] from resource zip => assets/Resources/images/buttonbar/button2_unselected_shadow@2x.png
[DEBUG] from resource zip => assets/Resources/images/buttonbar/button2_unselected_shadowL.png
[DEBUG] from resource zip => assets/Resources/images/buttonbar/button2_unselected_shadowL@2x.png
[DEBUG] from resource zip => assets/Resources/images/buttonbar/button2_unselected_shadowR.png
[DEBUG] from resource zip => assets/Resources/images/buttonbar/button2_unselected_shadowR@2x.png
[DEBUG] from resource zip => assets/Resources/images/dashboard/about.png
[DEBUG] from resource zip => assets/Resources/images/dashboard/about@2x.png
[DEBUG] from resource zip => assets/Resources/images/dashboard/maps.png
[DEBUG] from resource zip => assets/Resources/images/dashboard/maps@2x.png
[DEBUG] from resource zip => assets/Resources/images/dashboard/news.png
[DEBUG] from resource zip => assets/Resources/images/dashboard/news@2x.png
[DEBUG] from resource zip => assets/Resources/images/dashboard/schedule.png
[DEBUG] from resource zip => assets/Resources/images/dashboard/schedule@2x.png
[DEBUG] from resource zip => assets/Resources/images/dashboard/speakers.png
[DEBUG] from resource zip => assets/Resources/images/dashboard/speakers@2x.png
[DEBUG] from resource zip => assets/Resources/images/dashboard/sponsors.png
[DEBUG] from resource zip => assets/Resources/images/dashboard/sponsors@2x.png
[DEBUG] from resource zip => assets/Resources/images/6dots.png
[DEBUG] from resource zip => assets/Resources/images/6dots@2x.png
[DEBUG] from resource zip => assets/Resources/images/KS_nav_ui.png
[DEBUG] from resource zip => assets/Resources/images/KS_nav_views.png
[DEBUG] from resource zip => assets/Resources/images/home.png
[DEBUG] from resource zip => assets/Resources/images/home@2x.png
[DEBUG] from resource zip => assets/Resources/images/home_ipad.png
[DEBUG] from resource zip => assets/Resources/images/sessionbckgd.png
[DEBUG] from resource zip => assets/Resources/images/sessionbckgd@2x.png
[DEBUG] from resource zip => assets/Resources/images/userpict-large.png
[DEBUG] from resource zip => assets/Resources/odata/ODataHelper.js
[DEBUG] from resource zip => assets/Resources/pages/timebreak_gray@2x.png
[DEBUG] from resource zip => assets/Resources/pages/timebreak_gray_html@2x.png
[DEBUG] from resource zip => assets/Resources/sonar/datetime.js
[DEBUG] from resource zip => assets/Resources/sonar/sonar.js
[DEBUG] from resource zip => assets/Resources/sonar/ui.js
[DEBUG] from resource zip => assets/Resources/ui/ActivityView.js
[DEBUG] from resource zip => assets/Resources/ui/ModalActivityIndicatorWindow.js
[DEBUG] from resource zip => assets/Resources/ui/NavigationController.js
[DEBUG] from resource zip => assets/Resources/ui/TestWindow.js
[DEBUG] from resource zip => assets/Resources/ui/main.js
[DEBUG] from resource zip => assets/Resources/ui/test.js
[DEBUG] from resource zip => assets/Resources/KS_nav_ui.png
[DEBUG] from resource zip => assets/Resources/KS_nav_views.png
[DEBUG] from resource zip => assets/Resources/app.js
[DEBUG] from resource zip => assets/Resources/appicon.png
[DEBUG] from resource zip => assets/Resources/default.png
[DEBUG] from resource zip => assets/Resources/sonarti-icon.png
[DEBUG] from resource zip => assets/app.json
[DEBUG] from resource zip => assets/index.json
[DEBUG] from resource zip => assets/tiapp.xml
[DEBUG] from resource zip => res/drawable/appicon.png
[DEBUG] from resource zip => res/drawable/background.png
[DEBUG] from resource zip => res/layout/titanium_tabgroup.xml
[DEBUG] from resource zip => AndroidManifest.xml
[DEBUG] from resource zip => resources.arsc
[DEBUG] from resource zip => res/drawable-long-land-hdpi/background.png
[DEBUG] from resource zip => res/drawable-long-land-ldpi/background.png
[DEBUG] from resource zip => res/drawable-long-port-hdpi/background.png
[DEBUG] from resource zip => res/drawable-long-port-ldpi/background.png
[DEBUG] from resource zip => res/drawable-notlong-land-hdpi/background.png
[DEBUG] from resource zip => res/drawable-notlong-land-ldpi/background.png
[DEBUG] from resource zip => res/drawable-notlong-land-mdpi/background.png
[DEBUG] from resource zip => res/drawable-notlong-port-hdpi/background.png
[DEBUG] from resource zip => res/drawable-notlong-port-ldpi/background.png
[DEBUG] from resource zip => res/drawable-notlong-port-mdpi/background.png
[DEBUG] from JAR /Library/Application Support/Titanium/mobilesdk/osx/1.8.1/android/titanium.jar => org/appcelerator/titanium/build.properties
[DEBUG] from JAR /Library/Application Support/Titanium/mobilesdk/osx/1.8.1/android/titanium.jar => org/appcelerator/titanium/res/drawable/background.png
[DEBUG] from JAR /Library/Application Support/Titanium/mobilesdk/osx/1.8.1/android/titanium.jar => org/appcelerator/titanium/res/drawable/btn_check_buttonless_on.png
[DEBUG] from JAR /Library/Application Support/Titanium/mobilesdk/osx/1.8.1/android/titanium.jar => org/appcelerator/titanium/res/drawable/btn_check_buttonless_on_18.png
[DEBUG] from JAR /Library/Application Support/Titanium/mobilesdk/osx/1.8.1/android/titanium.jar => org/appcelerator/titanium/res/drawable/btn_check_buttonless_on_48.png
[DEBUG] from JAR /Library/Application Support/Titanium/mobilesdk/osx/1.8.1/android/titanium.jar => org/appcelerator/titanium/res/drawable/btn_more.png
[DEBUG] from JAR /Library/Application Support/Titanium/mobilesdk/osx/1.8.1/android/titanium.jar => org/appcelerator/titanium/res/drawable/btn_more_18.png
[DEBUG] from JAR /Library/Application Support/Titanium/mobilesdk/osx/1.8.1/android/titanium.jar => org/appcelerator/titanium/res/drawable/btn_more_48.png
[DEBUG] from JAR /Library/Application Support/Titanium/mobilesdk/osx/1.8.1/android/titanium.jar => org/appcelerator/titanium/res/drawable/btn_picker_normal.9.png
[DEBUG] from JAR /Library/Application Support/Titanium/mobilesdk/osx/1.8.1/android/titanium.jar => org/appcelerator/titanium/res/drawable/btn_picker_pressed.9.png
[DEBUG] from JAR /Library/Application Support/Titanium/mobilesdk/osx/1.8.1/android/titanium.jar => org/appcelerator/titanium/res/drawable/btn_picker_selected.9.png
[DEBUG] from JAR /Library/Application Support/Titanium/mobilesdk/osx/1.8.1/android/titanium.jar => org/appcelerator/titanium/res/drawable/default_icon.png
[DEBUG] from JAR /Library/Application Support/Titanium/mobilesdk/osx/1.8.1/android/titanium.jar => org/appcelerator/titanium/res/drawable/photoDefault.png
[DEBUG] from JAR /Library/Application Support/Titanium/mobilesdk/osx/1.8.1/android/modules/titanium-ui.jar => ti/modules/titanium/ui/widget/webview/binding.js
[DEBUG] from JAR /Library/Application Support/Titanium/mobilesdk/osx/1.8.1/android/modules/titanium-ui.jar => ti/modules/titanium/ui/widget/webview/binding.min.js
[DEBUG] from JAR /Library/Application Support/Titanium/mobilesdk/osx/1.8.1/android/modules/titanium-ui.jar => ti/modules/titanium/ui/widget/webview/json2.js
[DEBUG] from JAR /Library/Application Support/Titanium/mobilesdk/osx/1.8.1/android/thirdparty.jar => org/apache/Commons-NOTICE.txt
[DEBUG] from JAR /Library/Application Support/Titanium/mobilesdk/osx/1.8.1/android/thirdparty.jar => org/apache/HttpComponents-NOTICE.txt
[DEBUG] from JAR /Library/Application Support/Titanium/mobilesdk/osx/1.8.1/android/thirdparty.jar => org/apache/mime4j-NOTICE.txt
[TRACE] adb devices returned 1 devices/emulators
[DEBUG] Waiting for device to be ready ...
[TRACE] adb devices returned 1 devices/emulators
[DEBUG] Device connected... (waited 0 seconds)
[DEBUG] waited 0.011988 seconds on emulator to get ready
[INFO] Installing application on device
[TRACE] adb devices returned 1 devices/emulators
[TRACE] adb devices returned 1 devices/emulators
[TRACE] adb devices returned 1 devices/emulators
[INFO] Application installed. Launch from drawer on Home Screen
[TRACE] adb devices returned 1 devices/emulators
[TRACE] adb devices returned 1 devices/emulators
[TRACE] adb devices returned 1 devices/emulators
[TRACE] adb devices returned 1 devices/emulators
[TRACE] adb devices returned 1 devices/emulators
[TRACE] adb devices returned 0 devices/emulators
[TRACE] adb devices returned 0 devices/emulators
[TRACE] adb devices returned 0 devices/emulators
[TRACE] adb devices returned 0 devices/emulators
[TRACE] adb devices returned 0 devices/emulators
[TRACE] adb devices returned 0 devices/emulators
[ERROR] Timed out waiting for emulator to be ready, you may need to close the emulator and try again
